<?xml version="1.0" encoding="UTF-8" ?>
<testsuite failures="0" time="0.072" errors="0" skipped="0" tests="1" name="org.doubleit.service.AppTest">
  <properties>
    <property name="java.vendor" value="BEA Systems, Inc."/>
    <property name="env.SESSION_MANAGER" value="local/laphh50:/tmp/.ICE-unix/3312"/>
    <property name="localRepository" value="/home/rsi/.m2/repository"/>
    <property name="env.ORACLE_HOME" value="/home/rsi/prg/oc4j_10_1_3_4"/>
    <property name="sun.java.launcher" value="SUN_STANDARD"/>
    <property name="env.PAXCONSTRUCT_HOME" value="/home/rsi/opensource/osgi/pax-construct-1.4"/>
    <property name="sun.management.compiler" value="BEA JRockit(R) Optimizing Compiler"/>
    <property name="os.name" value="Linux"/>
    <property name="sun.boot.class.path" value="/home/rsi/prg/jrmc-3.1.0-1.6.0/jre/lib/amd64/jrockit/jrockit1.6.0.jar:/home/rsi/prg/jrmc-3.1.0-1.6.0/jre/lib/amd64/jrockit/jmapi.jar:/home/rsi/prg/jrmc-3.1.0-1.6.0/jre/lib/amd64/jrockit/jmxmapi.jar:/home/rsi/prg/jrmc-3.1.0-1.6.0/jre/lib/amd64/jrockit/rmp.jar:/home/rsi/prg/jrmc-3.1.0-1.6.0/jre/lib/amd64/jrockit/latency.jar:/home/rsi/prg/jrmc-3.1.0-1.6.0/jre/lib/resources.jar:/home/rsi/prg/jrmc-3.1.0-1.6.0/jre/lib/rt.jar:/home/rsi/prg/jrmc-3.1.0-1.6.0/jre/lib/sunrsasign.jar:/home/rsi/prg/jrmc-3.1.0-1.6.0/jre/lib/jsse.jar:/home/rsi/prg/jrmc-3.1.0-1.6.0/jre/lib/jce.jar:/home/rsi/prg/jrmc-3.1.0-1.6.0/jre/lib/charsets.jar:/home/rsi/prg/jrmc-3.1.0-1.6.0/jre/classes"/>
    <property name="env.PWD" value="/home/rsi"/>
    <property name="env.XDG_SESSION_COOKIE" value="5b29efc49df722e5dae7b43c49f43f02-1250105598.948738-850684025"/>
    <property name="sun.desktop" value="gnome"/>
    <property name="env.LANG" value="de_DE.UTF-8"/>
    <property name="java.vm.specification.vendor" value="Sun Microsystems Inc."/>
    <property name="java.runtime.version" value="1.6.0_11-b03"/>
    <property name="env.DISPLAY" value=":0.0"/>
    <property name="env.DMS_HOME" value="/home/rsi/prg/springsource-dm-server-2.0.0.M2"/>
    <property name="user.name" value="rsi"/>
    <property name="env.USER" value="rsi"/>
    <property name="env.PAXRUNER_HOME" value="/home/rsi/opensource/osgi/pax-runner-1.1.1"/>
    <property name="env.SHELL" value="/bin/bash"/>
    <property name="env.MOZILLA_FIVE_HOME" value="/usr/lib64/xulrunner-addons"/>
    <property name="env.DESKTOP_SESSION" value="default"/>
    <property name="env.XDG_DATA_DIRS" value="/usr/local/share/:/usr/share/:/usr/share/gdm/"/>
    <property name="env.NLSPATH" value="/usr/dt/lib/nls/msg/%L/%N.cat"/>
    <property name="env.PATH" value="/home/rsi/prg/jrmc-3.1.0-1.6.0/bin:/home/rsi/opensource/osgi/pax-runner-1.1.1/bin:/home/rsi/opensource/osgi/pax-construct-1.4/bin:/home/rsi/prg/apache-maven-2.2.0/bin:/home/rsi/prg/apache-ant-1.7.1/bin:/usr/local/scala-2.7.4.final/bin:/home/rsi/prg/springsource-dm-server-2.0.0.M2/bin:/usr/local/sbin:/usr/local/bin:/usr/sbin:/usr/bin:/sbin:/bin:/usr/games"/>
    <property name="user.language" value="de"/>
    <property name="sun.boot.library.path" value="/home/rsi/prg/jrmc-3.1.0-1.6.0/jre/lib/amd64"/>
    <property name="classworlds.conf" value="/home/rsi/wspcs/jaxws/.metadata/.plugins/org.maven.ide.eclipse/launches/m2conf5916640903390208782.tmp"/>
    <property name="java.version" value="1.6.0_11"/>
    <property name="user.timezone" value=""/>
    <property name="env.SPRING_HOME" value="/home/rsi/opensource/spring-framework-3.0.0.M3"/>
    <property name="env.DBUS_SESSION_BUS_ADDRESS" value="unix:abstract=/tmp/dbus-R60v7Be2vy,guid=775f73831902c130006c6cb74a831900"/>
    <property name="sun.arch.data.model" value="64"/>
    <property name="env.SSH_AGENT_PID" value="3367"/>
    <property name="java.endorsed.dirs" value="/home/rsi/prg/jrmc-3.1.0-1.6.0/jre/lib/endorsed"/>
    <property name="sun.cpu.isalist" value=""/>
    <property name="sun.jnu.encoding" value="UTF-8"/>
    <property name="file.encoding.pkg" value="sun.io"/>
    <property name="file.separator" value="/"/>
    <property name="java.specification.name" value="Java Platform API Specification"/>
    <property name="java.vm.vendor.url.bug" value="http://edocs.bea.com/jrockit/go2troubleshooting.html"/>
    <property name="env.GNOME_DESKTOP_SESSION_ID" value="this-is-deprecated"/>
    <property name="java.class.version" value="50.0"/>
    <property name="env.GDMSESSION" value="default"/>
    <property name="java.vm.vendor.url" value="http://www.bea.com/"/>
    <property name="user.country" value="DE"/>
    <property name="env.GNOME_KEYRING_PID" value="3299"/>
    <property name="java.home" value="/home/rsi/prg/jrmc-3.1.0-1.6.0/jre"/>
    <property name="java.vm.info" value="compiled mode"/>
    <property name="env.LOGNAME" value="rsi"/>
    <property name="os.version" value="2.6.28-15-generic"/>
    <property name="path.separator" value=":"/>
    <property name="java.vm.version" value="R27.6.3-40_o-112056-1.6.0_11-20090318-2103-linux-x86_64"/>
    <property name="env.JAVA_HOME" value="/home/rsi/prg/jrmc-3.1.0-1.6.0"/>
    <property name="java.awt.printerjob" value="sun.print.PSPrinterJob"/>
    <property name="env.WINDOWPATH" value="7"/>
    <property name="sun.io.unicode.encoding" value="UnicodeLittle"/>
    <property name="env.GDM_LANG" value="de_DE.UTF-8"/>
    <property name="user.home" value="/home/rsi"/>
    <property name="java.specification.vendor" value="Sun Microsystems Inc."/>
    <property name="java.library.path" value="/home/rsi/prg/jrmc-3.1.0-1.6.0/jre/lib/amd64/jrockit:/home/rsi/prg/jrmc-3.1.0-1.6.0/jre/lib/amd64:/home/rsi/prg/jrmc-3.1.0-1.6.0/jre/../lib/amd64:/usr/lib64/xulrunner-addons"/>
    <property name="java.vendor.url" value="http://www.bea.com/"/>
    <property name="env.GDM_XSERVER_LOCATION" value="local"/>
    <property name="java.vm.vendor" value="BEA Systems, Inc."/>
    <property name="maven.home" value="EMBEDDED"/>
    <property name="java.runtime.name" value="Java(TM) SE Runtime Environment"/>
    <property name="java.class.path" value="/home/rsi/prg/eclipse/plugins/org.maven.ide.components.maven_embedder_2.1.0.20080530-2300/jars/plexus-classworlds-1.2-alpha-12.jar"/>
    <property name="env.XFILESEARCHPATH" value="/usr/dt/app-defaults/%L/Dt"/>
    <property name="java.vm.specification.name" value="Java Virtual Machine Specification"/>
    <property name="java.vm.specification.version" value="1.0"/>
    <property name="m2eclipse.workspace.state" value="/home/rsi/wspcs/jaxws/.metadata/.plugins/org.maven.ide.eclipse/workspacestate.properties"/>
    <property name="sun.os.patch.level" value="unknown"/>
    <property name="kernel.download.enabled" value="false"/>
    <property name="sun.cpu.endian" value="little"/>
    <property name="env.GTK_RC_FILES" value="/etc/gtk/gtkrc:/home/rsi/.gtkrc-1.2-gnome2"/>
    <property name="env.HOME" value="/home/rsi"/>
    <property name="env.ANT_HOME" value="/home/rsi/prg/apache-ant-1.7.1"/>
    <property name="surefire.test.class.path" value="/home/rsi/wspcs/jaxws/double.it/double.it.service/target/test-classes:/home/rsi/wspcs/jaxws/double.it/double.it.service/target/classes:/home/rsi/.m2/repository/org/apache/cxf/cxf-rt-frontend-jaxws/2.2.3/cxf-rt-frontend-jaxws-2.2.3.jar:/home/rsi/.m2/repository/xml-resolver/xml-resolver/1.2/xml-resolver-1.2.jar:/home/rsi/.m2/repository/org/apache/geronimo/specs/geronimo-jaxws_2.1_spec/1.0/geronimo-jaxws_2.1_spec-1.0.jar:/home/rsi/.m2/repository/org/apache/geronimo/specs/geronimo-activation_1.1_spec/1.0.2/geronimo-activation_1.1_spec-1.0.2.jar:/home/rsi/.m2/repository/org/apache/geronimo/specs/geronimo-ws-metadata_2.0_spec/1.1.2/geronimo-ws-metadata_2.0_spec-1.1.2.jar:/home/rsi/.m2/repository/asm/asm/2.2.3/asm-2.2.3.jar:/home/rsi/.m2/repository/org/apache/cxf/cxf-api/2.2.3/cxf-api-2.2.3.jar:/home/rsi/.m2/repository/org/apache/cxf/cxf-common-utilities/2.2.3/cxf-common-utilities-2.2.3.jar:/home/rsi/.m2/repository/org/springframework/spring-core/2.5.5/spring-core-2.5.5.jar:/home/rsi/.m2/repository/commons-logging/commons-logging/1.1/commons-logging-1.1.jar:/home/rsi/.m2/repository/org/springframework/spring-beans/2.5.5/spring-beans-2.5.5.jar:/home/rsi/.m2/repository/org/springframework/spring-context/2.5.5/spring-context-2.5.5.jar:/home/rsi/.m2/repository/aopalliance/aopalliance/1.0/aopalliance-1.0.jar:/home/rsi/.m2/repository/org/apache/geronimo/specs/geronimo-annotation_1.0_spec/1.1.1/geronimo-annotation_1.0_spec-1.1.1.jar:/home/rsi/.m2/repository/javax/xml/bind/jaxb-api/2.1/jaxb-api-2.1.jar:/home/rsi/.m2/repository/org/apache/geronimo/specs/geronimo-stax-api_1.0_spec/1.0.1/geronimo-stax-api_1.0_spec-1.0.1.jar:/home/rsi/.m2/repository/wsdl4j/wsdl4j/1.6.2/wsdl4j-1.6.2.jar:/home/rsi/.m2/repository/org/apache/ws/commons/schema/XmlSchema/1.4.5/XmlSchema-1.4.5.jar:/home/rsi/.m2/repository/commons-lang/commons-lang/2.4/commons-lang-2.4.jar:/home/rsi/.m2/repository/org/codehaus/woodstox/wstx-asl/3.2.8/wstx-asl-3.2.8.jar:/home/rsi/.m2/repository/org/apache/neethi/neethi/2.0.4/neethi-2.0.4.jar:/home/rsi/.m2/repository/org/apache/cxf/cxf-common-schemas/2.2.3/cxf-common-schemas-2.2.3.jar:/home/rsi/.m2/repository/org/apache/cxf/cxf-rt-core/2.2.3/cxf-rt-core-2.2.3.jar:/home/rsi/.m2/repository/com/sun/xml/bind/jaxb-impl/2.1.12/jaxb-impl-2.1.12.jar:/home/rsi/.m2/repository/org/apache/geronimo/specs/geronimo-javamail_1.4_spec/1.6/geronimo-javamail_1.4_spec-1.6.jar:/home/rsi/.m2/repository/com/sun/xml/fastinfoset/FastInfoset/1.2.7/FastInfoset-1.2.7.jar:/home/rsi/.m2/repository/org/apache/cxf/cxf-rt-bindings-soap/2.2.3/cxf-rt-bindings-soap-2.2.3.jar:/home/rsi/.m2/repository/org/apache/cxf/cxf-tools-common/2.2.3/cxf-tools-common-2.2.3.jar:/home/rsi/.m2/repository/javax/xml/soap/saaj-api/1.3/saaj-api-1.3.jar:/home/rsi/.m2/repository/org/apache/cxf/cxf-rt-databinding-jaxb/2.2.3/cxf-rt-databinding-jaxb-2.2.3.jar:/home/rsi/.m2/repository/org/apache/cxf/cxf-rt-bindings-xml/2.2.3/cxf-rt-bindings-xml-2.2.3.jar:/home/rsi/.m2/repository/org/apache/cxf/cxf-rt-frontend-simple/2.2.3/cxf-rt-frontend-simple-2.2.3.jar:/home/rsi/.m2/repository/org/apache/cxf/cxf-rt-ws-addr/2.2.3/cxf-rt-ws-addr-2.2.3.jar:/home/rsi/.m2/repository/com/sun/xml/messaging/saaj/saaj-impl/1.3.2/saaj-impl-1.3.2.jar:/home/rsi/.m2/repository/org/apache/cxf/cxf-rt-transports-http/2.2.3/cxf-rt-transports-http-2.2.3.jar:/home/rsi/.m2/repository/org/springframework/spring-web/2.5.5/spring-web-2.5.5.jar:/home/rsi/.m2/repository/org/apache/ws/security/wss4j/1.5.8/wss4j-1.5.8.jar:/home/rsi/.m2/repository/log4j/log4j/1.2.12/log4j-1.2.12.jar:/home/rsi/.m2/repository/logkit/logkit/1.0.1/logkit-1.0.1.jar:/home/rsi/.m2/repository/avalon-framework/avalon-framework/4.1.3/avalon-framework-4.1.3.jar:/home/rsi/.m2/repository/javax/servlet/servlet-api/2.3/servlet-api-2.3.jar:/home/rsi/.m2/repository/org/apache/santuario/xmlsec/1.4.3/xmlsec-1.4.3.jar:/home/rsi/.m2/repository/xalan/xalan/2.7.1/xalan-2.7.1.jar:/home/rsi/.m2/repository/xalan/serializer/2.7.1/serializer-2.7.1.jar:/home/rsi/.m2/repository/xml-apis/xml-apis/1.3.04/xml-apis-1.3.04.jar:/home/rsi/.m2/repository/org/apache/cxf/cxf-rt-ws-security/2.2.3/cxf-rt-ws-security-2.2.3.jar:/home/rsi/.m2/repository/org/bouncycastle/bcprov-jdk15/1.43/bcprov-jdk15-1.43.jar:/home/rsi/.m2/repository/junit/junit/4.4/junit-4.4.jar:"/>
    <property name="java.io.tmpdir" value="/tmp"/>
    <property name="env.LD_LIBRARY_PATH" value="/home/rsi/prg/jrmc-3.1.0-1.6.0/jre/lib/amd64/jrockit:/home/rsi/prg/jrmc-3.1.0-1.6.0/jre/lib/amd64:/home/rsi/prg/jrmc-3.1.0-1.6.0/jre/../lib/amd64:/usr/lib64/xulrunner-addons"/>
    <property name="java.vendor.url.bug" value="http://edocs.bea.com/jrockit/go2troubleshooting.html"/>
    <property name="env.SSH_AUTH_SOCK" value="/tmp/keyring-FeSJH9/socket.ssh"/>
    <property name="java.awt.graphicsenv" value="sun.awt.X11GraphicsEnvironment"/>
    <property name="os.arch" value="amd64"/>
    <property name="java.ext.dirs" value="/home/rsi/prg/jrmc-3.1.0-1.6.0/jre/lib/ext"/>
    <property name="user.dir" value="/home/rsi/wspcs/jaxws/double.it/double.it.service"/>
    <property name="env.XAUTHORITY" value="/home/rsi/.Xauthority"/>
    <property name="env.MAVEN_HOME" value="/home/rsi/prg/apache-maven-2.2.0"/>
    <property name="env.GTK_MODULES" value="canberra-gtk-module"/>
    <property name="line.separator" value="
"/>
    <property name="java.vm.name" value="BEA JRockit(R)"/>
    <property name="basedir" value="/home/rsi/wspcs/jaxws/double.it/double.it.service"/>
    <property name="maven.mode.standalone" value="true"/>
    <property name="env.ORBIT_SOCKETDIR" value="/tmp/orbit-rsi"/>
    <property name="env.USERNAME" value="rsi"/>
    <property name="env.SCALA_HOME" value="/usr/local/scala-2.7.4.final"/>
    <property name="file.encoding" value="UTF-8"/>
    <property name="env.GNOME_KEYRING_SOCKET" value="/tmp/keyring-FeSJH9/socket"/>
    <property name="env.GPG_AGENT_INFO" value="/tmp/seahorse-FqPweO/S.gpg-agent:3390:1"/>
    <property name="java.specification.version" value="1.6"/>
  </properties>
  <testcase time="0.007" classname="org.doubleit.service.AppTest" name="testApp"/>
</testsuite>